<?xml version="1.0" encoding="UTF-8"?>
<!-- Generated by org.testng.reporters.JUnitReportReporter -->
<testsuite failures="0" tests="3" name="com.FG.qa.testcases.Check_Resgistration_Page" time="23.611" errors="0" timestamp="2024-02-06T13:46:37 IST" skipped="0">
  <testcase classname="com.FG.qa.testcases.Check_Resgistration_Page" name="testTitle" time="5.618"/>
  <testcase classname="com.FG.qa.testcases.Check_Resgistration_Page" name="testLogo" time="7.748"/>
  <testcase classname="com.FG.qa.testcases.Check_Resgistration_Page" name="testRegistaration_page" time="10.245"/>
</testsuite> <!-- com.FG.qa.testcases.Check_Resgistration_Page -->
